2019-05-30 22:56:11 INFO  maintask.AppTest:32 - HELLO, WORLD!
2019-05-30 22:56:11 INFO  maintask.AppTest:33 - String length: 13
2019-05-30 22:56:11 INFO  maintask.AppTest:34 - Expected string length: 13
2019-05-30 22:56:11 INFO  maintask.AppTest:131 - Avg: 1.0000
2019-05-30 22:56:11 ERROR action.FileAction:44 - Got problem with allocating memory. Datas will be set to null.kz.zhanbolat.maintask.exceptions.MemoryAllocationException: Not enough memory to store data
2019-05-30 22:56:11 INFO  maintask.AppTest:122 - Sum: 1214141542147483649.235154325234
2019-05-30 22:56:50 INFO  maintask.AppTest:32 - HELLO, WORLD!
2019-05-30 22:56:50 INFO  maintask.AppTest:33 - String length: 13
2019-05-30 22:56:50 INFO  maintask.AppTest:34 - Expected string length: 13
2019-05-30 22:56:50 INFO  maintask.AppTest:131 - Avg: 1.0000
2019-05-30 22:56:50 ERROR action.FileAction:44 - Got problem with allocating memory. Datas will be set to null.kz.zhanbolat.maintask.exceptions.MemoryAllocationException: Not enough memory to store data
2019-05-30 22:56:50 INFO  maintask.AppTest:122 - Sum: 1214141542147483649.235154325234
2019-05-30 22:57:14 INFO  maintask.AppTest:32 - HELLO, WORLD!
2019-05-30 22:57:14 INFO  maintask.AppTest:33 - String length: 13
2019-05-30 22:57:14 INFO  maintask.AppTest:34 - Expected string length: 13
2019-05-30 22:57:14 INFO  maintask.AppTest:131 - Avg: 1.0000
2019-05-30 22:57:14 ERROR action.FileAction:44 - Got problem with allocating memory. Datas will be set to null.kz.zhanbolat.maintask.exceptions.MemoryAllocationException: Not enough memory to store data
2019-05-30 22:57:14 INFO  maintask.AppTest:122 - Sum: 1214141542147483649.235154325234
2019-05-30 22:58:29 INFO  maintask.App:37 - Array: [8339.0, 0.4795485287577931, 0.7121614263199367, 0.006329376220345795, 1615.0, 168.0, 0.21145083575628998, 0.8275948027138479, 3438.0, 2473.0, 9494.0, 7995.0, 3910.0, 0.047201957231901015, 2390.0, 7372.0, 9879.0, 0.48741624616322476, 2875.0, 0.9790037788405214, 0.3212552721129006, 4001.0, 9738.0, 0.7891798840054539, 8035.0, 5474.0, 6777.0, 753.0, 4989.0, 7609.0, 9428.0, 0.06945922305617869, 0.24884036144301747, 6804.0, 8290.0, 0.25592331546485436, 8337.0, 2844.0, 7445.0, 3307.0, 0.2890925076330413, 0.22260801727833468, 0.9717498732404289, 0.4282634308669231, 0.4082619992124926, 0.5598412926262892, 0.6617485607381528, 0.8804972772251427, 0.028010998329602854, 5133.0, 0.7814384500330465, 0.7750813621016508, 7249.0, 9154.0, 0.9224409357875042, 0.6111892200364121, 0.08323858543751228, 0.8657004306014715, 0.6084466495641897, 1736.0, 9582.0, 0.331991350670202, 526.0, 0.2243709225634274, 660.0, 0.09099461558119881, 5549.0, 0.10023528253096359, 0.17098888792107858, 0.21062060258179416, 6975.0, 0.9410732731517305, 9459.0, 166.0, 853.0, 0.4978013021261045, 0.8744632173063616, 7891.0, 0.9772951648424333, 6806.0, 0.3026542591995881, 5905.0, 0.6556843970900663, 0.19228790654587302, 0.4794748955088418, 9157.0, 0.40500303270004767, 0.58118483268298, 0.8584227952064837, 0.49751405296135653, 8454.0, 0.7434653448164974, 0.6467939857599168, 0.5957011495780754, 5578.0, 4349.0, 0.6073986671046426, 4700.0, 0.30130817645483754, 9061.0, 5025.0, 0.012493482533218025, 1871.0, 0.18507637031518176, 9137.0, 0.9284472697332357, 0.5133882181869287, 7176.0, 7717.0, 6745.0, 1249.0, 4953.0, 6297.0, 8541.0, 0.21856779936942483, 0.6713671009019345, 5494.0, 0.8732522258373521, 9136.0, 7329.0, 3515.0, 7690.0, 4334.0, 0.42145927262998395, 0.693663756297507, 0.3761123551646992, 8491.0, 0.9514859727259034, 0.01964130408848963, 0.980121642154288, 0.9657213398740271, 0.10174612084463053, 3166.0, 9970.0, 0.5506248666001579, 2324.0, 0.7736206913972323, 9121.0, 0.11500186844638771, 0.8056697873458439, 0.2370806137213065, 5740.0, 6750.0, 0.5140514411538178, 0.8932762472298829, 0.8358507288953305, 5291.0, 280.0, 963.0, 9784.0, 0.13761109356870938, 0.22153273958627018, 0.4951561323591649, 4118.0, 8701.0, 1681.0, 9077.0, 8863.0, 8988.0, 0.31645909500804537, 5087.0, 6374.0, 0.4991371989690746, 2255.0, 8166.0, 1944.0, 0.8628345720733841, 7554.0, 0.3013085217653625, 3169.0, 3009.0, 3971.0, 9058.0, 5974.0, 0.05589328558345952, 0.05952723607896404, 4015.0, 0.6108109496369835, 0.3390230257276039, 0.8772649658508925, 8415.0, 0.15306264875044195, 7330.0, 0.057036176316371145, 0.7999833334934677, 6697.0, 2075.0, 0.12302346272554121, 7686.0, 8672.0, 131.0, 9351.0, 7209.0, 9957.0, 1950.0, 4786.0, 0.45014600382665515, 0.6165755524608701, 0.8167121767011438, 0.732964008412912, 402.0, 4482.0, 0.596067640637629, 0.25199815971601625, 7595.0, 758.0, 0.5484857885464051, 0.930358385961286, 6872.0, 0.43693773928860224, 0.7339686020283901, 1301.0, 1681.0, 0.27696182570901595, 0.9728394682725435, 0.4695614571301524, 6795.0, 576.0, 0.2858916237469945, 9312.0, 0.9032363881200264, 7844.0, 0.9581616645342305, 0.7119522776701876, 0.19049806028760918, 0.5915854342710473, 7543.0, 5638.0, 0.5532058690856847, 2760.0, 7025.0, 0.28275199403825835, 4012.0, 0.046297858215012866, 0.28095074941960196, 0.013810830778802186, 1376.0, 0.18692504713882263, 5481.0, 0.1984963288096795, 1576.0, 3216.0, 0.8207991498934284, 1037.0, 712.0, 4448.0, 0.9271151490236794, 3946.0, 5477.0, 0.04625899482888518, 7066.0, 0.46802465393733905, 0.013335905027077266, 1299.0, 0.7389535648306442, 1913.0, 0.31285892638658885, 0.3724503701087859, 8754.0, 0.8924580533672338, 9546.0, 1720.0, 0.42499567947633465, 0.5456717311273586, 9579.0, 0.9619179909953596, 6722.0, 3594.0, 0.5465725012106174, 0.28937198639641626, 2634.0, 0.5173352150491549, 0.15915294240836364, 0.7666583580807464, 0.6833077532053973, 2179.0, 0.4580435237532001, 1308.0, 0.20791472150752277, 0.2588289241243914, 0.7901564249481376, 0.49159864699641376, 0.281048566752892, 0.8632529725638124, 1938.0, 8497.0, 8323.0, 2346.0, 0.6610210547311755, 0.8935132210415375, 0.5415841378319561, 0.053266974715739934, 1232.0, 9084.0, 1884.0, 8158.0, 4525.0, 4671.0, 0.37372865302164204, 0.9295468831233348, 0.5294103966908571, 2287.0, 0.9598198202688575, 7043.0, 0.23122728333932663, 983.0, 2911.0, 0.43725383440980814, 453.0, 0.8886757139724883, 5771.0, 5217.0, 1729.0, 0.9596575245655001, 6837.0]
2019-05-30 22:58:29 INFO  maintask.App:39 - sum: 849219.701216765143046346
2019-05-30 22:58:29 INFO  maintask.App:41 - average: 2695.9356
